<?xml version="1.0" encoding="UTF-8"?>
<testng-results skipped="0" failed="0" total="1" passed="1">
  <reporter-output>
  </reporter-output>
  <suite name="Default suite" duration-ms="43541" started-at="2019-12-07T18:34:23Z" finished-at="2019-12-07T18:35:07Z">
    <groups>
    </groups>
    <test name="Default test" duration-ms="43541" started-at="2019-12-07T18:34:23Z" finished-at="2019-12-07T18:35:07Z">
      <class name="com.cucmber.citronglobal.CitronGlobal.Logic.Java_LoginPage">
        <test-method status="PASS" signature="loginToCitronGlobal()[pri:0, instance:com.cucmber.citronglobal.CitronGlobal.Logic.Java_LoginPage@5ec0a365]" name="loginToCitronGlobal" duration-ms="43514" started-at="2019-12-08T00:04:23Z" finished-at="2019-12-08T00:05:07Z">
          <reporter-output>
          </reporter-output>
        </test-method> <!-- loginToCitronGlobal -->
      </class> <!-- com.cucmber.citronglobal.CitronGlobal.Logic.Java_LoginPage -->
    </test> <!-- Default test -->
  </suite> <!-- Default suite -->
</testng-results>
